\unset ECHO
1|mustach|Hello Chris
You have just won 10000 dollars!
Well, 6000 dollars, after taxes.
Shown.
  No person

  <b>resque</b> reviewers:  avrel  commiters: joe  william
  <b>hub</b> reviewers:  avrel  commiters: jack  greg
  <b>rip</b> reviewers: joe jack  commiters:   greg

  Hi Jon!

 =====================================
  <b>resque</b> reviewers:  avrel  commiters: joe  william
  <b>hub</b> reviewers:  avrel  commiters: jack  greg
  <b>rip</b> reviewers: joe jack  commiters:   greg
 =====================================
ggggggggg
----3.14159----
jjjjjjjjj
end

#
!
~
~
/ see json pointers IETF RFC 6901
^
=
:
&gt;
2|mustach|<h1>Colors</h1>

    <li><strong>red</strong></li>
    <li><a href="#Green">green</a></li>
    <li><a href="#Blue">blue</a></li>


3|mustach|* Chris
* 18
* &lt;b&gt;GitHub &amp; Co&lt;/b&gt;
* <b>GitHub & Co</b>
* <b>GitHub & Co</b>
* &lt;b&gt;GitHub &amp; Co&lt;/b&gt;
* <b>GitHub & Co</b>
* <b>GitHub & Co</b>

* <ul><li>Chris</li><li>Kross</li></ul>
* skills: <ul><li>JavaScript</li><li>PHP</li><li>Java</li></ul>
* age: 18
